2025-08-11T23:44:44.419+03:00  INFO 11976 --- [dospring] [main] c.j.dospring.DospringApplicationTests    : Starting DospringApplicationTests using Java 23 with PID 11976 (started by Dimbisoa in C:\Users\Dimbisoa\Documents\GitHub\dospring)
2025-08-11T23:44:44.419+03:00  INFO 11976 --- [dospring] [main] c.j.dospring.DospringApplicationTests    : No active profile set, falling back to 1 default profile: "default"
2025-08-11T23:44:48.571+03:00  INFO 11976 --- [dospring] [main] .s.d.r.c.RepositoryConfigurationDelegate : Bootstrapping Spring Data JPA repositories in DEFAULT mode.
2025-08-11T23:44:48.700+03:00  INFO 11976 --- [dospring] [main] .s.d.r.c.RepositoryConfigurationDelegate : Finished Spring Data repository scanning in 56 ms. Found 0 JPA repository interfaces.
2025-08-11T23:44:51.862+03:00 DEBUG 11976 --- [dospring] [main] org.hibernate.type.BasicTypeRegistry     : Adding type registration boolean -> org.hibernate.type.BasicTypeReference@4d354a3e
2025-08-11T23:44:51.877+03:00 DEBUG 11976 --- [dospring] [main] org.hibernate.type.BasicTypeRegistry     : Adding type registration boolean -> org.hibernate.type.BasicTypeReference@4d354a3e
2025-08-11T23:44:51.877+03:00 DEBUG 11976 --- [dospring] [main] org.hibernate.type.BasicTypeRegistry     : Adding type registration java.lang.Boolean -> org.hibernate.type.BasicTypeReference@4d354a3e
2025-08-11T23:44:51.877+03:00 DEBUG 11976 --- [dospring] [main] org.hibernate.type.BasicTypeRegistry     : Adding type registration numeric_boolean -> org.hibernate.type.BasicTypeReference@2bab618
2025-08-11T23:44:51.877+03:00 DEBUG 11976 --- [dospring] [main] org.hibernate.type.BasicTypeRegistry     : Adding type registration org.hibernate.type.NumericBooleanConverter -> org.hibernate.type.BasicTypeReference@2bab618
2025-08-11T23:44:51.877+03:00 DEBUG 11976 --- [dospring] [main] org.hibernate.type.BasicTypeRegistry     : Adding type registration true_false -> org.hibernate.type.BasicTypeReference@48bc2fce
2025-08-11T23:44:51.877+03:00 DEBUG 11976 --- [dospring] [main] org.hibernate.type.BasicTypeRegistry     : Adding type registration org.hibernate.type.TrueFalseConverter -> org.hibernate.type.BasicTypeReference@48bc2fce
2025-08-11T23:44:51.877+03:00 DEBUG 11976 --- [dospring] [main] org.hibernate.type.BasicTypeRegistry     : Adding type registration yes_no -> org.hibernate.type.BasicTypeReference@1eca3ea7
2025-08-11T23:44:51.877+03:00 DEBUG 11976 --- [dospring] [main] org.hibernate.type.BasicTypeRegistry     : Adding type registration org.hibernate.type.YesNoConverter -> org.hibernate.type.BasicTypeReference@1eca3ea7
2025-08-11T23:44:51.877+03:00 DEBUG 11976 --- [dospring] [main] org.hibernate.type.BasicTypeRegistry     : Adding type registration byte -> org.hibernate.type.BasicTypeReference@24fba488
2025-08-11T23:44:51.877+03:00 DEBUG 11976 --- [dospring] [main] org.hibernate.type.BasicTypeRegistry     : Adding type registration byte -> org.hibernate.type.BasicTypeReference@24fba488
2025-08-11T23:44:51.877+03:00 DEBUG 11976 --- [dospring] [main] org.hibernate.type.BasicTypeRegistry     : Adding type registration java.lang.Byte -> org.hibernate.type.BasicTypeReference@24fba488
2025-08-11T23:44:51.893+03:00 DEBUG 11976 --- [dospring] [main] org.hibernate.type.BasicTypeRegistry     : Adding type registration binary -> org.hibernate.type.BasicTypeReference@73a6cc79
2025-08-11T23:44:51.893+03:00 DEBUG 11976 --- [dospring] [main] org.hibernate.type.BasicTypeRegistry     : Adding type registration byte[] -> org.hibernate.type.BasicTypeReference@73a6cc79
2025-08-11T23:44:51.893+03:00 DEBUG 11976 --- [dospring] [main] org.hibernate.type.BasicTypeRegistry     : Adding type registration [B -> org.hibernate.type.BasicTypeReference@73a6cc79
2025-08-11T23:44:51.893+03:00 DEBUG 11976 --- [dospring] [main] org.hibernate.type.BasicTypeRegistry     : Adding type registration binary_wrapper -> org.hibernate.type.BasicTypeReference@5a4d4f9c
2025-08-11T23:44:51.893+03:00 DEBUG 11976 --- [dospring] [main] org.hibernate.type.BasicTypeRegistry     : Adding type registration wrapper-binary -> org.hibernate.type.BasicTypeReference@5a4d4f9c
2025-08-11T23:44:51.893+03:00 DEBUG 11976 --- [dospring] [main] org.hibernate.type.BasicTypeRegistry     : Adding type registration image -> org.hibernate.type.BasicTypeReference@153d6d74
2025-08-11T23:44:51.893+03:00 DEBUG 11976 --- [dospring] [main] org.hibernate.type.BasicTypeRegistry     : Adding type registration blob -> org.hibernate.type.BasicTypeReference@6c9b44bf
2025-08-11T23:44:51.893+03:00 DEBUG 11976 --- [dospring] [main] org.hibernate.type.BasicTypeRegistry     : Adding type registration java.sql.Blob -> org.hibernate.type.BasicTypeReference@6c9b44bf
2025-08-11T23:44:51.893+03:00 DEBUG 11976 --- [dospring] [main] org.hibernate.type.BasicTypeRegistry     : Adding type registration materialized_blob -> org.hibernate.type.BasicTypeReference@299b9851
2025-08-11T23:44:51.893+03:00 DEBUG 11976 --- [dospring] [main] org.hibernate.type.BasicTypeRegistry     : Adding type registration materialized_blob_wrapper -> org.hibernate.type.BasicTypeReference@191a0351
2025-08-11T23:44:51.893+03:00 DEBUG 11976 --- [dospring] [main] org.hibernate.type.BasicTypeRegistry     : Adding type registration short -> org.hibernate.type.BasicTypeReference@67328bcb
2025-08-11T23:44:51.893+03:00 DEBUG 11976 --- [dospring] [main] org.hibernate.type.BasicTypeRegistry     : Adding type registration short -> org.hibernate.type.BasicTypeReference@67328bcb
2025-08-11T23:44:51.893+03:00 DEBUG 11976 --- [dospring] [main] org.hibernate.type.BasicTypeRegistry     : Adding type registration java.lang.Short -> org.hibernate.type.BasicTypeReference@67328bcb
2025-08-11T23:44:51.893+03:00 DEBUG 11976 --- [dospring] [main] org.hibernate.type.BasicTypeRegistry     : Adding type registration integer -> org.hibernate.type.BasicTypeReference@51ba952e
2025-08-11T23:44:51.893+03:00 DEBUG 11976 --- [dospring] [main] org.hibernate.type.BasicTypeRegistry     : Adding type registration int -> org.hibernate.type.BasicTypeReference@51ba952e
2025-08-11T23:44:51.893+03:00 DEBUG 11976 --- [dospring] [main] org.hibernate.type.BasicTypeRegistry     : Adding type registration java.lang.Integer -> org.hibernate.type.BasicTypeReference@51ba952e
2025-08-11T23:44:51.909+03:00 DEBUG 11976 --- [dospring] [main] org.hibernate.type.BasicTypeRegistry     : Adding type registration long -> org.hibernate.type.BasicTypeReference@2416c658
2025-08-11T23:44:51.909+03:00 DEBUG 11976 --- [dospring] [main] org.hibernate.type.BasicTypeRegistry     : Adding type registration long -> org.hibernate.type.BasicTypeReference@2416c658
2025-08-11T23:44:51.909+03:00 DEBUG 11976 --- [dospring] [main] org.hibernate.type.BasicTypeRegistry     : Adding type registration java.lang.Long -> org.hibernate.type.BasicTypeReference@2416c658
2025-08-11T23:44:51.909+03:00 DEBUG 11976 --- [dospring] [main] org.hibernate.type.BasicTypeRegistry     : Adding type registration float -> org.hibernate.type.BasicTypeReference@6d5f4900
2025-08-11T23:44:51.909+03:00 DEBUG 11976 --- [dospring] [main] org.hibernate.type.BasicTypeRegistry     : Adding type registration float -> org.hibernate.type.BasicTypeReference@6d5f4900
2025-08-11T23:44:51.909+03:00 DEBUG 11976 --- [dospring] [main] org.hibernate.type.BasicTypeRegistry     : Adding type registration java.lang.Float -> org.hibernate.type.BasicTypeReference@6d5f4900
2025-08-11T23:44:51.909+03:00 DEBUG 11976 --- [dospring] [main] org.hibernate.type.BasicTypeRegistry     : Adding type registration double -> org.hibernate.type.BasicTypeReference@1e40fbb3
2025-08-11T23:44:51.909+03:00 DEBUG 11976 --- [dospring] [main] org.hibernate.type.BasicTypeRegistry     : Adding type registration double -> org.hibernate.type.BasicTypeReference@1e40fbb3
2025-08-11T23:44:51.909+03:00 DEBUG 11976 --- [dospring] [main] org.hibernate.type.BasicTypeRegistry     : Adding type registration java.lang.Double -> org.hibernate.type.BasicTypeReference@1e40fbb3
2025-08-11T23:44:51.909+03:00 DEBUG 11976 --- [dospring] [main] org.hibernate.type.BasicTypeRegistry     : Adding type registration big_integer -> org.hibernate.type.BasicTypeReference@1b560eb0
2025-08-11T23:44:51.909+03:00 DEBUG 11976 --- [dospring] [main] org.hibernate.type.BasicTypeRegistry     : Adding type registration java.math.BigInteger -> org.hibernate.type.BasicTypeReference@1b560eb0
2025-08-11T23:44:51.909+03:00 DEBUG 11976 --- [dospring] [main] org.hibernate.type.BasicTypeRegistry     : Adding type registration big_decimal -> org.hibernate.type.BasicTypeReference@9e02f84
2025-08-11T23:44:51.909+03:00 DEBUG 11976 --- [dospring] [main] org.hibernate.type.BasicTypeRegistry     : Adding type registration java.math.BigDecimal -> org.hibernate.type.BasicTypeReference@9e02f84
2025-08-11T23:44:51.909+03:00 DEBUG 11976 --- [dospring] [main] org.hibernate.type.BasicTypeRegistry     : Adding type registration character -> org.hibernate.type.BasicTypeReference@1e6060f1
2025-08-11T23:44:51.909+03:00 DEBUG 11976 --- [dospring] [main] org.hibernate.type.BasicTypeRegistry     : Adding type registration char -> org.hibernate.type.BasicTypeReference@1e6060f1
2025-08-11T23:44:51.909+03:00 DEBUG 11976 --- [dospring] [main] org.hibernate.type.BasicTypeRegistry     : Adding type registration java.lang.Character -> org.hibernate.type.BasicTypeReference@1e6060f1
2025-08-11T23:44:51.909+03:00 DEBUG 11976 --- [dospring] [main] org.hibernate.type.BasicTypeRegistry     : Adding type registration character_nchar -> org.hibernate.type.BasicTypeReference@7e49ded
2025-08-11T23:44:51.909+03:00 DEBUG 11976 --- [dospring] [main] org.hibernate.type.BasicTypeRegistry     : Adding type registration string -> org.hibernate.type.BasicTypeReference@2c6c302f
2025-08-11T23:44:51.909+03:00 DEBUG 11976 --- [dospring] [main] org.hibernate.type.BasicTypeRegistry     : Adding type registration java.lang.String -> org.hibernate.type.BasicTypeReference@2c6c302f
2025-08-11T23:44:51.909+03:00 DEBUG 11976 --- [dospring] [main] org.hibernate.type.BasicTypeRegistry     : Adding type registration nstring -> org.hibernate.type.BasicTypeReference@2478b629
2025-08-11T23:44:51.924+03:00 DEBUG 11976 --- [dospring] [main] org.hibernate.type.BasicTypeRegistry     : Adding type registration characters -> org.hibernate.type.BasicTypeReference@39023dbf
2025-08-11T23:44:51.924+03:00 DEBUG 11976 --- [dospring] [main] org.hibernate.type.BasicTypeRegistry     : Adding type registration char[] -> org.hibernate.type.BasicTypeReference@39023dbf
2025-08-11T23:44:51.924+03:00 DEBUG 11976 --- [dospring] [main] org.hibernate.type.BasicTypeRegistry     : Adding type registration [C -> org.hibernate.type.BasicTypeReference@39023dbf
2025-08-11T23:44:51.924+03:00 DEBUG 11976 --- [dospring] [main] org.hibernate.type.BasicTypeRegistry     : Adding type registration wrapper-characters -> org.hibernate.type.BasicTypeReference@1a2ac487
2025-08-11T23:44:51.924+03:00 DEBUG 11976 --- [dospring] [main] org.hibernate.type.BasicTypeRegistry     : Adding type registration text -> org.hibernate.type.BasicTypeReference@570a62a5
2025-08-11T23:44:51.924+03:00 DEBUG 11976 --- [dospring] [main] org.hibernate.type.BasicTypeRegistry     : Adding type registration ntext -> org.hibernate.type.BasicTypeReference@36224f93
2025-08-11T23:44:51.956+03:00 DEBUG 11976 --- [dospring] [main] org.hibernate.type.BasicTypeRegistry     : Adding type registration clob -> org.hibernate.type.BasicTypeReference@1ee5632d
2025-08-11T23:44:51.956+03:00 DEBUG 11976 --- [dospring] [main] org.hibernate.type.BasicTypeRegistry     : Adding type registration java.sql.Clob -> org.hibernate.type.BasicTypeReference@1ee5632d
2025-08-11T23:44:51.956+03:00 DEBUG 11976 --- [dospring] [main] org.hibernate.type.BasicTypeRegistry     : Adding type registration nclob -> org.hibernate.type.BasicTypeReference@52a7928a
2025-08-11T23:44:51.956+03:00 DEBUG 11976 --- [dospring] [main] org.hibernate.type.BasicTypeRegistry     : Adding type registration java.sql.NClob -> org.hibernate.type.BasicTypeReference@52a7928a
2025-08-11T23:44:51.971+03:00 DEBUG 11976 --- [dospring] [main] org.hibernate.type.BasicTypeRegistry     : Adding type registration materialized_clob -> org.hibernate.type.BasicTypeReference@563ccd31
2025-08-11T23:44:51.971+03:00 DEBUG 11976 --- [dospring] [main] org.hibernate.type.BasicTypeRegistry     : Adding type registration materialized_clob_char_array -> org.hibernate.type.BasicTypeReference@72465eb2
2025-08-11T23:44:51.971+03:00 DEBUG 11976 --- [dospring] [main] org.hibernate.type.BasicTypeRegistry     : Adding type registration materialized_clob_character_array -> org.hibernate.type.BasicTypeReference@478fb7dc
2025-08-11T23:44:51.971+03:00 DEBUG 11976 --- [dospring] [main] org.hibernate.type.BasicTypeRegistry     : Adding type registration materialized_nclob -> org.hibernate.type.BasicTypeReference@29d25e65
2025-08-11T23:44:51.971+03:00 DEBUG 11976 --- [dospring] [main] org.hibernate.type.BasicTypeRegistry     : Adding type registration materialized_nclob_character_array -> org.hibernate.type.BasicTypeReference@19b75b2b
2025-08-11T23:44:51.971+03:00 DEBUG 11976 --- [dospring] [main] org.hibernate.type.BasicTypeRegistry     : Adding type registration materialized_nclob_char_array -> org.hibernate.type.BasicTypeReference@59c43561
2025-08-11T23:44:51.971+03:00 DEBUG 11976 --- [dospring] [main] org.hibernate.type.BasicTypeRegistry     : Adding type registration Duration -> org.hibernate.type.BasicTypeReference@634f58d2
2025-08-11T23:44:51.971+03:00 DEBUG 11976 --- [dospring] [main] org.hibernate.type.BasicTypeRegistry     : Adding type registration java.time.Duration -> org.hibernate.type.BasicTypeReference@634f58d2
2025-08-11T23:44:51.971+03:00 DEBUG 11976 --- [dospring] [main] org.hibernate.type.BasicTypeRegistry     : Adding type registration LocalDateTime -> org.hibernate.type.BasicTypeReference@585513a8
2025-08-11T23:44:51.971+03:00 DEBUG 11976 --- [dospring] [main] org.hibernate.type.BasicTypeRegistry     : Adding type registration java.time.LocalDateTime -> org.hibernate.type.BasicTypeReference@585513a8
2025-08-11T23:44:51.971+03:00 DEBUG 11976 --- [dospring] [main] org.hibernate.type.BasicTypeRegistry     : Adding type registration LocalDate -> org.hibernate.type.BasicTypeReference@7b18658a
2025-08-11T23:44:51.971+03:00 DEBUG 11976 --- [dospring] [main] org.hibernate.type.BasicTypeRegistry     : Adding type registration java.time.LocalDate -> org.hibernate.type.BasicTypeReference@7b18658a
2025-08-11T23:44:51.971+03:00 DEBUG 11976 --- [dospring] [main] org.hibernate.type.BasicTypeRegistry     : Adding type registration LocalTime -> org.hibernate.type.BasicTypeReference@30f28b5
2025-08-11T23:44:51.971+03:00 DEBUG 11976 --- [dospring] [main] org.hibernate.type.BasicTypeRegistry     : Adding type registration java.time.LocalTime -> org.hibernate.type.BasicTypeReference@30f28b5
2025-08-11T23:44:51.971+03:00 DEBUG 11976 --- [dospring] [main] org.hibernate.type.BasicTypeRegistry     : Adding type registration OffsetDateTime -> org.hibernate.type.BasicTypeReference@1a1f79ce
2025-08-11T23:44:51.971+03:00 DEBUG 11976 --- [dospring] [main] org.hibernate.type.BasicTypeRegistry     : Adding type registration java.time.OffsetDateTime -> org.hibernate.type.BasicTypeReference@1a1f79ce
2025-08-11T23:44:51.971+03:00 DEBUG 11976 --- [dospring] [main] org.hibernate.type.BasicTypeRegistry     : Adding type registration OffsetDateTimeWithTimezone -> org.hibernate.type.BasicTypeReference@6aa7e176
2025-08-11T23:44:51.971+03:00 DEBUG 11976 --- [dospring] [main] org.hibernate.type.BasicTypeRegistry     : Adding type registration OffsetDateTimeWithoutTimezone -> org.hibernate.type.BasicTypeReference@52abed9d
2025-08-11T23:44:51.971+03:00 DEBUG 11976 --- [dospring] [main] org.hibernate.type.BasicTypeRegistry     : Adding type registration OffsetTime -> org.hibernate.type.BasicTypeReference@281b2dfd
2025-08-11T23:44:51.971+03:00 DEBUG 11976 --- [dospring] [main] org.hibernate.type.BasicTypeRegistry     : Adding type registration java.time.OffsetTime -> org.hibernate.type.BasicTypeReference@281b2dfd
2025-08-11T23:44:51.971+03:00 DEBUG 11976 --- [dospring] [main] org.hibernate.type.BasicTypeRegistry     : Adding type registration OffsetTimeUtc -> org.hibernate.type.BasicTypeReference@492be039
2025-08-11T23:44:51.987+03:00 DEBUG 11976 --- [dospring] [main] org.hibernate.type.BasicTypeRegistry     : Adding type registration OffsetTimeWithTimezone -> org.hibernate.type.BasicTypeReference@1cd2143b
2025-08-11T23:44:51.987+03:00 DEBUG 11976 --- [dospring] [main] org.hibernate.type.BasicTypeRegistry     : Adding type registration OffsetTimeWithoutTimezone -> org.hibernate.type.BasicTypeReference@1118d539
2025-08-11T23:44:51.987+03:00 DEBUG 11976 --- [dospring] [main] org.hibernate.type.BasicTypeRegistry     : Adding type registration ZonedDateTime -> org.hibernate.type.BasicTypeReference@601d6622
2025-08-11T23:44:51.987+03:00 DEBUG 11976 --- [dospring] [main] org.hibernate.type.BasicTypeRegistry     : Adding type registration java.time.ZonedDateTime -> org.hibernate.type.BasicTypeReference@601d6622
2025-08-11T23:44:51.987+03:00 DEBUG 11976 --- [dospring] [main] org.hibernate.type.BasicTypeRegistry     : Adding type registration ZonedDateTimeWithTimezone -> org.hibernate.type.BasicTypeReference@76216830
2025-08-11T23:44:51.987+03:00 DEBUG 11976 --- [dospring] [main] org.hibernate.type.BasicTypeRegistry     : Adding type registration ZonedDateTimeWithoutTimezone -> org.hibernate.type.BasicTypeReference@7aded903
2025-08-11T23:44:51.987+03:00 DEBUG 11976 --- [dospring] [main] org.hibernate.type.BasicTypeRegistry     : Adding type registration date -> org.hibernate.type.BasicTypeReference@2db86a7c
2025-08-11T23:44:51.987+03:00 DEBUG 11976 --- [dospring] [main] org.hibernate.type.BasicTypeRegistry     : Adding type registration java.sql.Date -> org.hibernate.type.BasicTypeReference@2db86a7c
2025-08-11T23:44:51.987+03:00 DEBUG 11976 --- [dospring] [main] org.hibernate.type.BasicTypeRegistry     : Adding type registration time -> org.hibernate.type.BasicTypeReference@261f359f
2025-08-11T23:44:51.987+03:00 DEBUG 11976 --- [dospring] [main] org.hibernate.type.BasicTypeRegistry     : Adding type registration java.sql.Time -> org.hibernate.type.BasicTypeReference@261f359f
2025-08-11T23:44:51.987+03:00 DEBUG 11976 --- [dospring] [main] org.hibernate.type.BasicTypeRegistry     : Adding type registration timestamp -> org.hibernate.type.BasicTypeReference@5b02a984
2025-08-11T23:44:51.987+03:00 DEBUG 11976 --- [dospring] [main] org.hibernate.type.BasicTypeRegistry     : Adding type registration java.sql.Timestamp -> org.hibernate.type.BasicTypeReference@5b02a984
2025-08-11T23:44:51.987+03:00 DEBUG 11976 --- [dospring] [main] org.hibernate.type.BasicTypeRegistry     : Adding type registration java.util.Date -> org.hibernate.type.BasicTypeReference@5b02a984
2025-08-11T23:44:51.987+03:00 DEBUG 11976 --- [dospring] [main] org.hibernate.type.BasicTypeRegistry     : Adding type registration calendar -> org.hibernate.type.BasicTypeReference@57186526
2025-08-11T23:44:51.987+03:00 DEBUG 11976 --- [dospring] [main] org.hibernate.type.BasicTypeRegistry     : Adding type registration java.util.Calendar -> org.hibernate.type.BasicTypeReference@57186526
2025-08-11T23:44:51.987+03:00 DEBUG 11976 --- [dospring] [main] org.hibernate.type.BasicTypeRegistry     : Adding type registration java.util.GregorianCalendar -> org.hibernate.type.BasicTypeReference@57186526
2025-08-11T23:44:51.987+03:00 DEBUG 11976 --- [dospring] [main] org.hibernate.type.BasicTypeRegistry     : Adding type registration calendar_date -> org.hibernate.type.BasicTypeReference@391d1e33
2025-08-11T23:44:51.987+03:00 DEBUG 11976 --- [dospring] [main] org.hibernate.type.BasicTypeRegistry     : Adding type registration calendar_time -> org.hibernate.type.BasicTypeReference@66f16742
2025-08-11T23:44:51.987+03:00 DEBUG 11976 --- [dospring] [main] org.hibernate.type.BasicTypeRegistry     : Adding type registration instant -> org.hibernate.type.BasicTypeReference@2871ac91
2025-08-11T23:44:51.987+03:00 DEBUG 11976 --- [dospring] [main] org.hibernate.type.BasicTypeRegistry     : Adding type registration java.time.Instant -> org.hibernate.type.BasicTypeReference@2871ac91
2025-08-11T23:44:51.987+03:00 DEBUG 11976 --- [dospring] [main] org.hibernate.type.BasicTypeRegistry     : Adding type registration uuid -> org.hibernate.type.BasicTypeReference@3c54ddec
2025-08-11T23:44:51.987+03:00 DEBUG 11976 --- [dospring] [main] org.hibernate.type.BasicTypeRegistry     : Adding type registration java.util.UUID -> org.hibernate.type.BasicTypeReference@3c54ddec
2025-08-11T23:44:51.987+03:00 DEBUG 11976 --- [dospring] [main] org.hibernate.type.BasicTypeRegistry     : Adding type registration pg-uuid -> org.hibernate.type.BasicTypeReference@3c54ddec
2025-08-11T23:44:51.987+03:00 DEBUG 11976 --- [dospring] [main] org.hibernate.type.BasicTypeRegistry     : Adding type registration uuid-binary -> org.hibernate.type.BasicTypeReference@6d69a0d3
2025-08-11T23:44:51.987+03:00 DEBUG 11976 --- [dospring] [main] org.hibernate.type.BasicTypeRegistry     : Adding type registration uuid-char -> org.hibernate.type.BasicTypeReference@4f114b
2025-08-11T23:44:52.002+03:00 DEBUG 11976 --- [dospring] [main] org.hibernate.type.BasicTypeRegistry     : Adding type registration class -> org.hibernate.type.BasicTypeReference@257f30f7
2025-08-11T23:44:52.002+03:00 DEBUG 11976 --- [dospring] [main] org.hibernate.type.BasicTypeRegistry     : Adding type registration java.lang.Class -> org.hibernate.type.BasicTypeReference@257f30f7
2025-08-11T23:44:52.002+03:00 DEBUG 11976 --- [dospring] [main] org.hibernate.type.BasicTypeRegistry     : Adding type registration currency -> org.hibernate.type.BasicTypeReference@3fde2209
2025-08-11T23:44:52.002+03:00 DEBUG 11976 --- [dospring] [main] org.hibernate.type.BasicTypeRegistry     : Adding type registration Currency -> org.hibernate.type.BasicTypeReference@3fde2209
2025-08-11T23:44:52.002+03:00 DEBUG 11976 --- [dospring] [main] org.hibernate.type.BasicTypeRegistry     : Adding type registration java.util.Currency -> org.hibernate.type.BasicTypeReference@3fde2209
2025-08-11T23:44:52.002+03:00 DEBUG 11976 --- [dospring] [main] org.hibernate.type.BasicTypeRegistry     : Adding type registration locale -> org.hibernate.type.BasicTypeReference@1f916219
2025-08-11T23:44:52.002+03:00 DEBUG 11976 --- [dospring] [main] org.hibernate.type.BasicTypeRegistry     : Adding type registration java.util.Locale -> org.hibernate.type.BasicTypeReference@1f916219
2025-08-11T23:44:52.002+03:00 DEBUG 11976 --- [dospring] [main] org.hibernate.type.BasicTypeRegistry     : Adding type registration serializable -> org.hibernate.type.BasicTypeReference@67acfde9
2025-08-11T23:44:52.002+03:00 DEBUG 11976 --- [dospring] [main] org.hibernate.type.BasicTypeRegistry     : Adding type registration java.io.Serializable -> org.hibernate.type.BasicTypeReference@67acfde9
2025-08-11T23:44:52.002+03:00 DEBUG 11976 --- [dospring] [main] org.hibernate.type.BasicTypeRegistry     : Adding type registration timezone -> org.hibernate.type.BasicTypeReference@3b088163
2025-08-11T23:44:52.002+03:00 DEBUG 11976 --- [dospring] [main] org.hibernate.type.BasicTypeRegistry     : Adding type registration java.util.TimeZone -> org.hibernate.type.BasicTypeReference@3b088163
2025-08-11T23:44:52.002+03:00 DEBUG 11976 --- [dospring] [main] org.hibernate.type.BasicTypeRegistry     : Adding type registration ZoneOffset -> org.hibernate.type.BasicTypeReference@75882261
2025-08-11T23:44:52.018+03:00 DEBUG 11976 --- [dospring] [main] org.hibernate.type.BasicTypeRegistry     : Adding type registration java.time.ZoneOffset -> org.hibernate.type.BasicTypeReference@75882261
2025-08-11T23:44:52.018+03:00 DEBUG 11976 --- [dospring] [main] org.hibernate.type.BasicTypeRegistry     : Adding type registration url -> org.hibernate.type.BasicTypeReference@611d0763
2025-08-11T23:44:52.018+03:00 DEBUG 11976 --- [dospring] [main] org.hibernate.type.BasicTypeRegistry     : Adding type registration java.net.URL -> org.hibernate.type.BasicTypeReference@611d0763
2025-08-11T23:44:52.018+03:00 DEBUG 11976 --- [dospring] [main] org.hibernate.type.BasicTypeRegistry     : Adding type registration vector -> org.hibernate.type.BasicTypeReference@615efd1c
2025-08-11T23:44:52.018+03:00 DEBUG 11976 --- [dospring] [main] org.hibernate.type.BasicTypeRegistry     : Adding type registration float_vector -> org.hibernate.type.BasicTypeReference@1e226bcd
2025-08-11T23:44:52.018+03:00 DEBUG 11976 --- [dospring] [main] org.hibernate.type.BasicTypeRegistry     : Adding type registration double_vector -> org.hibernate.type.BasicTypeReference@2a8dd942
2025-08-11T23:44:52.018+03:00 DEBUG 11976 --- [dospring] [main] org.hibernate.type.BasicTypeRegistry     : Adding type registration byte_vector -> org.hibernate.type.BasicTypeReference@2322e56f
2025-08-11T23:44:52.018+03:00 DEBUG 11976 --- [dospring] [main] org.hibernate.type.BasicTypeRegistry     : Adding type registration row_version -> org.hibernate.type.BasicTypeReference@35025a0a
2025-08-11T23:44:52.036+03:00 DEBUG 11976 --- [dospring] [main] org.hibernate.type.BasicTypeRegistry     : Adding type registration object -> org.hibernate.type.JavaObjectType@2ca54da9
2025-08-11T23:44:52.036+03:00 DEBUG 11976 --- [dospring] [main] org.hibernate.type.BasicTypeRegistry     : Adding type registration java.lang.Object -> org.hibernate.type.JavaObjectType@2ca54da9
2025-08-11T23:44:52.052+03:00 DEBUG 11976 --- [dospring] [main] org.hibernate.type.BasicTypeRegistry     : Adding type registration null -> org.hibernate.type.NullType@14de1901
2025-08-11T23:44:52.052+03:00 DEBUG 11976 --- [dospring] [main] org.hibernate.type.BasicTypeRegistry     : Adding type registration imm_date -> org.hibernate.type.BasicTypeReference@437ed416
2025-08-11T23:44:52.052+03:00 DEBUG 11976 --- [dospring] [main] org.hibernate.type.BasicTypeRegistry     : Adding type registration imm_time -> org.hibernate.type.BasicTypeReference@de77146
2025-08-11T23:44:52.052+03:00 DEBUG 11976 --- [dospring] [main] org.hibernate.type.BasicTypeRegistry     : Adding type registration imm_timestamp -> org.hibernate.type.BasicTypeReference@691567ea
2025-08-11T23:44:52.052+03:00 DEBUG 11976 --- [dospring] [main] org.hibernate.type.BasicTypeRegistry     : Adding type registration imm_calendar -> org.hibernate.type.BasicTypeReference@5cfed0ba
2025-08-11T23:44:52.052+03:00 DEBUG 11976 --- [dospring] [main] org.hibernate.type.BasicTypeRegistry     : Adding type registration imm_calendar_date -> org.hibernate.type.BasicTypeReference@5c8d58ed
2025-08-11T23:44:52.052+03:00 DEBUG 11976 --- [dospring] [main] org.hibernate.type.BasicTypeRegistry     : Adding type registration imm_calendar_time -> org.hibernate.type.BasicTypeReference@6a567f7b
2025-08-11T23:44:52.052+03:00 DEBUG 11976 --- [dospring] [main] org.hibernate.type.BasicTypeRegistry     : Adding type registration imm_binary -> org.hibernate.type.BasicTypeReference@28be7fec
2025-08-11T23:44:52.052+03:00 DEBUG 11976 --- [dospring] [main] org.hibernate.type.BasicTypeRegistry     : Adding type registration imm_serializable -> org.hibernate.type.BasicTypeReference@26f0141
2025-08-11T23:44:53.482+03:00  INFO 11976 --- [dospring] [main] o.s.o.j.p.SpringPersistenceUnitInfo      : No LoadTimeWeaver setup: ignoring JPA class transformer
2025-08-11T23:44:53.654+03:00  INFO 11976 --- [dospring] [main] com.zaxxer.hikari.HikariDataSource       : HikariPool-1 - Starting...
2025-08-11T23:44:58.365+03:00 ERROR 11976 --- [dospring] [main] o.h.engine.jdbc.spi.SqlExceptionHelper   : Unknown database 'dospring'
2025-08-11T23:44:58.510+03:00 DEBUG 11976 --- [dospring] [main] o.h.t.d.sql.spi.DdlTypeRegistry          : addDescriptor(12, org.hibernate.type.descriptor.sql.internal.CapacityDependentDdlType@2ce47652) replaced previous registration(org.hibernate.type.descriptor.sql.internal.CapacityDependentDdlType@65d90b7f)
2025-08-11T23:44:58.510+03:00 DEBUG 11976 --- [dospring] [main] o.h.t.d.sql.spi.DdlTypeRegistry          : addDescriptor(-9, org.hibernate.type.descriptor.sql.internal.CapacityDependentDdlType@2a42019a) replaced previous registration(org.hibernate.type.descriptor.sql.internal.CapacityDependentDdlType@6fc0e448)
2025-08-11T23:44:58.510+03:00 DEBUG 11976 --- [dospring] [main] o.h.t.d.sql.spi.DdlTypeRegistry          : addDescriptor(-3, org.hibernate.type.descriptor.sql.internal.CapacityDependentDdlType@60194904) replaced previous registration(org.hibernate.type.descriptor.sql.internal.CapacityDependentDdlType@4db6348b)
2025-08-11T23:44:58.510+03:00 DEBUG 11976 --- [dospring] [main] o.h.t.d.sql.spi.DdlTypeRegistry          : addDescriptor(4003, org.hibernate.type.descriptor.sql.internal.DdlTypeImpl@7742a276) replaced previous registration(org.hibernate.type.descriptor.sql.internal.DdlTypeImpl@1f48fa72)
2025-08-11T23:44:58.510+03:00 DEBUG 11976 --- [dospring] [main] o.h.t.d.sql.spi.DdlTypeRegistry          : addDescriptor(4001, org.hibernate.type.descriptor.sql.internal.DdlTypeImpl@35b3c1f6) replaced previous registration(org.hibernate.type.descriptor.sql.internal.DdlTypeImpl@495da9a7)
2025-08-11T23:44:58.510+03:00 DEBUG 11976 --- [dospring] [main] o.h.t.d.sql.spi.DdlTypeRegistry          : addDescriptor(4002, org.hibernate.type.descriptor.sql.internal.DdlTypeImpl@2beee3e8) replaced previous registration(org.hibernate.type.descriptor.sql.internal.DdlTypeImpl@732d078d)
2025-08-11T23:44:58.510+03:00 DEBUG 11976 --- [dospring] [main] o.h.t.d.sql.spi.DdlTypeRegistry          : addDescriptor(2004, org.hibernate.type.descriptor.sql.internal.CapacityDependentDdlType@58bad46f) replaced previous registration(org.hibernate.type.descriptor.sql.internal.DdlTypeImpl@7c0e4e4e)
2025-08-11T23:44:58.510+03:00 DEBUG 11976 --- [dospring] [main] o.h.t.d.sql.spi.DdlTypeRegistry          : addDescriptor(2005, org.hibernate.type.descriptor.sql.internal.CapacityDependentDdlType@20231384) replaced previous registration(org.hibernate.type.descriptor.sql.internal.DdlTypeImpl@3ba97962)
2025-08-11T23:44:58.510+03:00 DEBUG 11976 --- [dospring] [main] o.h.t.d.sql.spi.DdlTypeRegistry          : addDescriptor(2011, org.hibernate.type.descriptor.sql.internal.CapacityDependentDdlType@35becbd4) replaced previous registration(org.hibernate.type.descriptor.sql.internal.DdlTypeImpl@3bcc8f13)
2025-08-11T23:44:58.510+03:00 DEBUG 11976 --- [dospring] [main] o.h.t.d.jdbc.spi.JdbcTypeRegistry        : addDescriptor(NCharTypeDescriptor) replaced previous registration(CharTypeDescriptor)
2025-08-11T23:44:58.510+03:00 DEBUG 11976 --- [dospring] [main] o.h.t.d.jdbc.spi.JdbcTypeRegistry        : addDescriptor(NVarcharTypeDescriptor) replaced previous registration(VarcharTypeDescriptor)
2025-08-11T23:44:58.510+03:00 DEBUG 11976 --- [dospring] [main] o.h.t.d.jdbc.spi.JdbcTypeRegistry        : addDescriptor(LongNVarcharTypeDescriptor) replaced previous registration(LongVarcharTypeDescriptor)
2025-08-11T23:44:58.541+03:00 DEBUG 11976 --- [dospring] [main] o.h.t.d.jdbc.spi.JdbcTypeRegistry        : addDescriptor(NClobTypeDescriptor(DEFAULT)) replaced previous registration(ClobTypeDescriptor(DEFAULT))
2025-08-11T23:44:58.541+03:00 DEBUG 11976 --- [dospring] [main] org.hibernate.type.BasicTypeRegistry     : Adding type registration null -> org.hibernate.type.NullType@8549c5f
2025-08-11T23:44:58.541+03:00 DEBUG 11976 --- [dospring] [main] org.hibernate.type.BasicTypeRegistry     : Type registration key [null] overrode previous entry : `org.hibernate.type.NullType@14de1901`
2025-08-11T23:44:58.557+03:00 DEBUG 11976 --- [dospring] [main] org.hibernate.type.BasicTypeRegistry     : Adding type registration org.hibernate.type.DurationType -> basicType@1(java.time.Duration,3015)
2025-08-11T23:44:58.557+03:00 DEBUG 11976 --- [dospring] [main] org.hibernate.type.BasicTypeRegistry     : Adding type registration Duration -> basicType@1(java.time.Duration,3015)
2025-08-11T23:44:58.557+03:00 DEBUG 11976 --- [dospring] [main] org.hibernate.type.BasicTypeRegistry     : Adding type registration java.time.Duration -> basicType@1(java.time.Duration,3015)
2025-08-11T23:44:58.572+03:00 DEBUG 11976 --- [dospring] [main] org.hibernate.type.BasicTypeRegistry     : Adding type registration org.hibernate.type.OffsetDateTimeType -> basicType@2(java.time.OffsetDateTime,3003)
2025-08-11T23:44:58.572+03:00 DEBUG 11976 --- [dospring] [main] org.hibernate.type.BasicTypeRegistry     : Adding type registration OffsetDateTime -> basicType@2(java.time.OffsetDateTime,3003)
2025-08-11T23:44:58.572+03:00 DEBUG 11976 --- [dospring] [main] org.hibernate.type.BasicTypeRegistry     : Adding type registration java.time.OffsetDateTime -> basicType@2(java.time.OffsetDateTime,3003)
2025-08-11T23:44:58.572+03:00 DEBUG 11976 --- [dospring] [main] org.hibernate.type.BasicTypeRegistry     : Adding type registration org.hibernate.type.ZonedDateTimeType -> basicType@3(java.time.ZonedDateTime,3003)
2025-08-11T23:44:58.572+03:00 DEBUG 11976 --- [dospring] [main] org.hibernate.type.BasicTypeRegistry     : Adding type registration ZonedDateTime -> basicType@3(java.time.ZonedDateTime,3003)
2025-08-11T23:44:58.572+03:00 DEBUG 11976 --- [dospring] [main] org.hibernate.type.BasicTypeRegistry     : Adding type registration java.time.ZonedDateTime -> basicType@3(java.time.ZonedDateTime,3003)
2025-08-11T23:44:58.588+03:00 DEBUG 11976 --- [dospring] [main] org.hibernate.type.BasicTypeRegistry     : Adding type registration org.hibernate.type.OffsetTimeType -> basicType@4(java.time.OffsetTime,3007)
2025-08-11T23:44:58.588+03:00 DEBUG 11976 --- [dospring] [main] org.hibernate.type.BasicTypeRegistry     : Adding type registration OffsetTime -> basicType@4(java.time.OffsetTime,3007)
2025-08-11T23:44:58.588+03:00 DEBUG 11976 --- [dospring] [main] org.hibernate.type.BasicTypeRegistry     : Adding type registration java.time.OffsetTime -> basicType@4(java.time.OffsetTime,3007)
2025-08-11T23:44:58.588+03:00 DEBUG 11976 --- [dospring] [main] o.h.type.spi.TypeConfiguration$Scope     : Scoping TypeConfiguration [org.hibernate.type.spi.TypeConfiguration@36665c11] to MetadataBuildingContext [org.hibernate.boot.internal.MetadataBuildingContextRootImpl@6e49b011]
2025-08-11T23:44:59.604+03:00 DEBUG 11976 --- [dospring] [main] o.h.type.spi.TypeConfiguration$Scope     : Scoping TypeConfiguration [org.hibernate.type.spi.TypeConfiguration@36665c11] to SessionFactoryImplementor [org.hibernate.internal.SessionFactoryImpl@28f8ce2e]
2025-08-11T23:44:59.619+03:00 TRACE 11976 --- [dospring] [main] o.h.type.spi.TypeConfiguration$Scope     : Handling #sessionFactoryCreated from [org.hibernate.internal.SessionFactoryImpl@28f8ce2e] for TypeConfiguration
2025-08-11T23:44:59.619+03:00  INFO 11976 --- [dospring] [main] j.LocalContainerEntityManagerFactoryBean : Initialized JPA EntityManagerFactory for persistence unit 'default'
2025-08-11T23:45:00.494+03:00  WARN 11976 --- [dospring] [main] JpaBaseConfiguration$JpaWebConfiguration : spring.jpa.open-in-view is enabled by default. Therefore, database queries may be performed during view rendering. Explicitly configure spring.jpa.open-in-view to disable this warning
2025-08-11T23:45:03.046+03:00  WARN 11976 --- [dospring] [main] ion$DefaultTemplateResolverConfiguration : Cannot find template location: classpath:/templates/ (please add some templates, check your Thymeleaf configuration, or set spring.thymeleaf.check-template-location=false)
2025-08-11T23:45:04.332+03:00  INFO 11976 --- [dospring] [main] c.j.dospring.DospringApplicationTests    : Started DospringApplicationTests in 21.791 seconds (process running for 30.037)
2025-08-11T23:45:12.209+03:00  INFO 11976 --- [dospring] [SpringApplicationShutdownHook] j.LocalContainerEntityManagerFactoryBean : Closing JPA EntityManagerFactory for persistence unit 'default'
2025-08-11T23:45:12.209+03:00 TRACE 11976 --- [dospring] [SpringApplicationShutdownHook] o.h.type.spi.TypeConfiguration$Scope     : Handling #sessionFactoryClosed from [org.hibernate.internal.SessionFactoryImpl@28f8ce2e] for TypeConfiguration
2025-08-11T23:45:12.209+03:00 DEBUG 11976 --- [dospring] [SpringApplicationShutdownHook] o.h.type.spi.TypeConfiguration$Scope     : Un-scoping TypeConfiguration [org.hibernate.type.spi.TypeConfiguration$Scope@72202748] from SessionFactory [org.hibernate.internal.SessionFactoryImpl@28f8ce2e]
